<?xml version="1.0" encoding="UTF-8"?>
<testng-results skipped="0" failed="1" ignored="0" total="1" passed="0">
  <reporter-output>
  </reporter-output>
  <suite name="Suite" duration-ms="28919" started-at="2021-05-30T15:41:52 IST" finished-at="2021-05-30T15:42:21 IST">
    <groups>
      <group name="Sanity">
        <method signature="AccountCreationPageTest.verifyCreateAccountPageTest(java.lang.String)[pri:0, instance:com.TestCases.AccountCreationPageTest@3043fe0e]" name="verifyCreateAccountPageTest" class="com.TestCases.AccountCreationPageTest"/>
      </group> <!-- Sanity -->
    </groups>
    <test name="Test_All" duration-ms="28919" started-at="2021-05-30T15:41:52 IST" finished-at="2021-05-30T15:42:21 IST">
      <class name="com.TestCases.AccountCreationPageTest">
        <test-method status="PASS" signature="loadconfig()[pri:0, instance:com.TestCases.AccountCreationPageTest@3043fe0e]" name="loadconfig" is-config="true" duration-ms="251" started-at="2021-05-30T15:41:52 IST" finished-at="2021-05-30T15:41:52 IST">
          <reporter-output>
          </reporter-output>
        </test-method> <!-- loadconfig -->
        <test-method status="PASS" signature="setup(java.lang.String)[pri:0, instance:com.TestCases.AccountCreationPageTest@3043fe0e]" name="setup" is-config="true" duration-ms="10814" started-at="2021-05-30T15:41:53 IST" finished-at="2021-05-30T15:42:04 IST">
          <params>
            <param index="0">
              <value>
                <![CDATA[Chrome]]>
              </value>
            </param>
          </params>
          <reporter-output>
          </reporter-output>
        </test-method> <!-- setup -->
        <test-method status="FAIL" signature="verifyCreateAccountPageTest(java.lang.String)[pri:0, instance:com.TestCases.AccountCreationPageTest@3043fe0e]" name="verifyCreateAccountPageTest" duration-ms="16047" started-at="2021-05-30T15:42:04 IST" data-provider="email" finished-at="2021-05-30T15:42:20 IST">
          <params>
            <param index="0">
              <value>
                <![CDATA[ghfsdtyfg@gmail.com]]>
              </value>
            </param>
          </params>
          <exception class="java.lang.AssertionError">
            <message>
              <![CDATA[expected [true] but found [false]]]>
            </message>
            <full-stacktrace>
              <![CDATA[java.lang.AssertionError: expected [true] but found [false]
at org.testng.Assert.fail(Assert.java:97)
at org.testng.Assert.failNotEquals(Assert.java:969)
at org.testng.Assert.assertTrue(Assert.java:43)
at org.testng.Assert.assertTrue(Assert.java:53)
at com.TestCases.AccountCreationPageTest.verifyCreateAccountPageTest(AccountCreationPageTest.java:47)
at sun.reflect.NativeMethodAccessorImpl.invoke0(Native Method)
at sun.reflect.NativeMethodAccessorImpl.invoke(NativeMethodAccessorImpl.java:62)
at sun.reflect.DelegatingMethodAccessorImpl.invoke(DelegatingMethodAccessorImpl.java:43)
at java.lang.reflect.Method.invoke(Method.java:498)
at org.testng.internal.MethodInvocationHelper.invokeMethod(MethodInvocationHelper.java:134)
at org.testng.internal.TestInvoker.invokeMethod(TestInvoker.java:597)
at org.testng.internal.TestInvoker.invokeTestMethod(TestInvoker.java:173)
at org.testng.internal.MethodRunner.runInSequence(MethodRunner.java:46)
at org.testng.internal.TestInvoker$MethodInvocationAgent.invoke(TestInvoker.java:816)
at org.testng.internal.TestInvoker.invokeTestMethods(TestInvoker.java:146)
at org.testng.internal.TestMethodWorker.invokeTestMethods(TestMethodWorker.java:146)
at org.testng.internal.TestMethodWorker.run(TestMethodWorker.java:128)
at java.util.ArrayList.forEach(ArrayList.java:1259)
at org.testng.TestRunner.privateRun(TestRunner.java:766)
at org.testng.TestRunner.run(TestRunner.java:587)
at org.testng.SuiteRunner.runTest(SuiteRunner.java:384)
at org.testng.SuiteRunner.runSequentially(SuiteRunner.java:378)
at org.testng.SuiteRunner.privateRun(SuiteRunner.java:337)
at org.testng.SuiteRunner.run(SuiteRunner.java:286)
at org.testng.SuiteRunnerWorker.runSuite(SuiteRunnerWorker.java:53)
at org.testng.SuiteRunnerWorker.run(SuiteRunnerWorker.java:96)
at org.testng.TestNG.runSuitesSequentially(TestNG.java:1187)
at org.testng.TestNG.runSuitesLocally(TestNG.java:1109)
at org.testng.TestNG.runSuites(TestNG.java:1039)
at org.testng.TestNG.run(TestNG.java:1007)
at org.testng.remote.AbstractRemoteTestNG.run(AbstractRemoteTestNG.java:115)
at org.testng.remote.RemoteTestNG.initAndRun(RemoteTestNG.java:251)
at org.testng.remote.RemoteTestNG.main(RemoteTestNG.java:77)
]]>
            </full-stacktrace>
          </exception> <!-- java.lang.AssertionError -->
          <reporter-output>
          </reporter-output>
        </test-method> <!-- verifyCreateAccountPageTest -->
        <test-method status="PASS" signature="tearDown()[pri:0, instance:com.TestCases.AccountCreationPageTest@3043fe0e]" name="tearDown" is-config="true" duration-ms="798" started-at="2021-05-30T15:42:20 IST" finished-at="2021-05-30T15:42:21 IST">
          <reporter-output>
          </reporter-output>
        </test-method> <!-- tearDown -->
        <test-method status="PASS" signature="afterSuite()[pri:0, instance:com.TestCases.AccountCreationPageTest@3043fe0e]" name="afterSuite" is-config="true" duration-ms="608" started-at="2021-05-30T15:42:21 IST" finished-at="2021-05-30T15:42:22 IST">
          <reporter-output>
          </reporter-output>
        </test-method> <!-- afterSuite -->
      </class> <!-- com.TestCases.AccountCreationPageTest -->
    </test> <!-- Test_All -->
  </suite> <!-- Suite -->
</testng-results>
